#
# A fatal error has been detected by the Java Runtime Environment:
#
#  Internal Error (os_windows_x86.cpp:114), pid=1232, tid=2584
#  Error: guarantee(result == -1,"Unexpected result from topLevelExceptionFilter")
#
# JRE version: 6.0_17-b04
# Java VM: Java HotSpot(TM) 64-Bit Server VM (14.3-b01 mixed mode windows-amd64 )
# If you would like to submit a bug report, please visit:
#   http://java.sun.com/webapps/bugreport/crash.jsp
# The crash happened outside the Java Virtual Machine in native code.
# See problematic frame for where to report the bug.
#

---------------  T H R E A D  ---------------

Current thread (0x000000000531f000):  JavaThread "main" [_thread_in_native, id=2584, stack(0x0000000000180000,0x0000000004180000)]

Stack: [0x0000000000180000,0x0000000004180000]
[error occurred during error reporting (printing stack bounds), id 0xc0000005]

Java frames: (J=compiled Java code, j=interpreted, Vv=VM code)
j  com.mathworks.jmi.NativeMatlab.ProcessPendingEvents()Z+0
j  com.mathworks.jmi.NativeMatlab.processPendingEvents()Z+8
j  com.mathworks.jmi.Matlab$ProcessPendingEvents.callBooleanMethod(Ljava/lang/Object;)Z+0
j  com.mathworks.util.FactoryUtils.processPendingEvents()Z+12
j  com.mathworks.mde.desk.MLDesktop.canClose()Z+84
j  com.mathworks.mde.desk.MLDesktop$2.call()Ljava/lang/Boolean;+4
j  com.mathworks.mde.desk.MLDesktop$2.call()Ljava/lang/Object;+1
j  com.mathworks.jmi.Matlab.isOkToExit()Z+54
v  ~StubRoutines::call_stub
j  com.mathworks.jmi.NativeMatlab.SendMatlabMessage(Ljava/lang/Object;)Ljava/lang/Object;+0
j  com.mathworks.jmi.NativeMatlab.sendMatlabMessage(Ljava/lang/Object;)Ljava/lang/Object;+22
j  com.mathworks.jmi.MatlabLooper.sendMatlabMessage(Lcom/mathworks/services/message/MWMessage;)Ljava/lang/Object;+20
j  com.mathworks.jmi.Matlab.mtFevalConsoleOutput(Ljava/lang/String;[Ljava/lang/Object;I)Ljava/lang/Object;+58
j  com.mathworks.mde.desk.MLDesktop$9.run()V+14
j  com.mathworks.jmi.NativeMatlab.dispatchMTRequests(Z)V+57
v  ~StubRoutines::call_stub

---------------  P R O C E S S  ---------------

Java Threads: ( => current thread )
  0x000000000f15b800 JavaThread "Inactive RequestProcessor thread [Was:TimedSoftReference/org.openide.util.TimedSoftReference]" daemon [_thread_blocked, id=5448, stack(0x0000000058ec0000,0x0000000058f40000)]
  0x000000000eead800 JavaThread "Code Analyzer updating thread" [_thread_blocked, id=1056, stack(0x0000000044b40000,0x0000000044bc0000)]
  0x000000000eeac000 JavaThread "pool-6-thread-1" [_thread_blocked, id=4640, stack(0x000000001cee0000,0x000000001cf60000)]
  0x000000000f158800 JavaThread "Code Analyzer updating thread" [_thread_blocked, id=4144, stack(0x000000002c7d0000,0x000000002c850000)]
  0x000000000f158000 JavaThread "Code Analyzer updating thread" [_thread_blocked, id=3928, stack(0x000000002c6c0000,0x000000002c740000)]
  0x000000000f157000 JavaThread "Active Reference Queue Daemon" daemon [_thread_blocked, id=5308, stack(0x000000002b560000,0x000000002b5e0000)]
  0x000000000eeb0800 JavaThread "Timer-12" daemon [_thread_blocked, id=3740, stack(0x000000002adf0000,0x000000002ae70000)]
  0x000000000eeaf000 JavaThread "Prefs Updater" daemon [_thread_blocked, id=6040, stack(0x000000002b5e0000,0x000000002b660000)]
  0x000000000eeaf800 JavaThread "Timer-5" daemon [_thread_blocked, id=988, stack(0x0000000065b70000,0x0000000065bf0000)]
  0x000000000eeae000 JavaThread "Explorer NavigationContext request queue" [_thread_blocked, id=5096, stack(0x0000000054e30000,0x0000000054eb0000)]
  0x000000000eeac800 JavaThread "AddressBar directory emptiness poller" [_thread_blocked, id=6000, stack(0x000000001d3c0000,0x000000001d440000)]
  0x000000000eeab800 JavaThread "Timer-1" [_thread_blocked, id=6072, stack(0x0000000029590000,0x0000000029610000)]
  0x000000000eeaa800 JavaThread "TimerQueue" daemon [_thread_blocked, id=5148, stack(0x000000000fdf0000,0x000000000fe70000)]
  0x000000000eeaa000 JavaThread "AWT-EventQueue-0" [_thread_in_vm, id=5828, stack(0x000000000d800000,0x000000000d880000)]
  0x000000000eea9000 JavaThread "AWT-Shutdown" [_thread_blocked, id=5868, stack(0x000000000fb70000,0x000000000fbf0000)]
  0x000000000ee4a000 JavaThread "FelixPackageAdmin" daemon [_thread_blocked, id=1588, stack(0x0000000014f10000,0x0000000014f90000)]
  0x000000000eee6000 JavaThread "FelixStartLevel" daemon [_thread_blocked, id=2188, stack(0x000000000ff20000,0x000000000ffa0000)]
  0x000000000eee5800 JavaThread "FelixDispatchQueue" daemon [_thread_blocked, id=5300, stack(0x000000000fe80000,0x000000000ff00000)]
  0x000000000edd6800 JavaThread "com.google.common.base.internal.Finalizer" daemon [_thread_blocked, id=1960, stack(0x000000000fc00000,0x000000000fc80000)]
  0x000000000edfc000 JavaThread "AWT-Windows" daemon [_thread_in_native, id=3480, stack(0x000000000f9e0000,0x000000000fa60000)]
  0x000000000edfa800 JavaThread "Java2D Disposer" daemon [_thread_blocked, id=472, stack(0x000000000f8e0000,0x000000000f960000)]
  0x000000000e9f1000 JavaThread "Timer-0" [_thread_blocked, id=5388, stack(0x000000000f750000,0x000000000f7d0000)]
  0x000000000e7ab000 JavaThread "EventMgr Dispatcher" daemon [_thread_in_native, id=4824, stack(0x0000000010f00000,0x0000000014f00000)]
  0x000000000d705000 JavaThread "Low Memory Detector" daemon [_thread_blocked, id=3624, stack(0x000000000d3c0000,0x000000000d440000)]
  0x000000000d701800 JavaThread "CompilerThread1" daemon [_thread_blocked, id=5588, stack(0x0000000084040000,0x0000000088040000)]
  0x000000000d6f9000 JavaThread "CompilerThread0" daemon [_thread_blocked, id=5428, stack(0x000000007fff0000,0x0000000083ff0000)]
  0x000000000d6f8800 JavaThread "Attach Listener" daemon [_thread_blocked, id=2952, stack(0x000000000d900000,0x000000000d980000)]
  0x000000000d69e800 JavaThread "Finalizer" daemon [_thread_blocked, id=576, stack(0x000000000d880000,0x000000000d900000)]
  0x000000000d698800 JavaThread "Reference Handler" daemon [_thread_blocked, id=2280, stack(0x000000000d750000,0x000000000d7d0000)]
=>0x000000000531f000 JavaThread "main" [_thread_in_native, id=2584, stack(0x0000000000180000,0x0000000004180000)]

Other Threads:
  0x000000000d695800 VMThread [stack: 0x00000000668c0000,0x000000006a8c0000] [id=5688]
  0x000000000d733000 WatcherThread [stack: 0x0000000088130000,0x000000008c130000] [id=3736]

VM state:not at safepoint (normal execution)

VM Mutex/Monitor currently owned by a thread: None

Heap
 PSYoungGen      total 26560K, used 18948K [0x0000000041930000, 0x0000000043e00000, 0x0000000044a30000)
  eden space 16640K, 62% used [0x0000000041930000,0x000000004235cb18,0x0000000042970000)
  from space 9920K, 85% used [0x00000000433a0000,0x0000000043bf4770,0x0000000043d50000)
  to   space 10432K, 0% used [0x0000000042970000,0x0000000042970000,0x00000000433a0000)
 PSOldGen        total 89856K, used 59847K [0x0000000038630000, 0x000000003ddf0000, 0x0000000041930000)
  object space 89856K, 66% used [0x0000000038630000,0x000000003c0a1c30,0x000000003ddf0000)
 PSPermGen       total 117120K, used 63083K [0x0000000030630000, 0x0000000037890000, 0x0000000038630000)
  object space 117120K, 53% used [0x0000000030630000,0x00000000343cafc8,0x0000000037890000)

Dynamic libraries:
0x000000013f3b0000 - 0x000000013f3e2000 	c:\matlab\R2012a\bin\win64\matlab.exe
0x0000000077800000 - 0x00000000779a9000 	C:\Windows\SYSTEM32\ntdll.dll
0x0000000077120000 - 0x000000007723f000 	C:\Windows\system32\kernel32.dll
0x000007fefdea0000 - 0x000007fefdf0c000 	C:\Windows\system32\KERNELBASE.dll
0x0000000074460000 - 0x0000000074554000 	c:\matlab\R2012a\bin\win64\libut.dll
0x00000000758a0000 - 0x0000000075952000 	c:\matlab\R2012a\bin\win64\libmwi18n.dll
0x0000000180000000 - 0x000000018000b000 	c:\matlab\R2012a\bin\win64\libmwresource_core.dll
0x000000006e940000 - 0x000000006ea13000 	C:\Windows\WinSxS\amd64_microsoft.vc90.crt_1fc8b3b9a1e18e3b_9.0.30729.6161_none_08e61857a83bc251\MSVCP90.dll
0x000000006e890000 - 0x000000006e933000 	C:\Windows\WinSxS\amd64_microsoft.vc90.crt_1fc8b3b9a1e18e3b_9.0.30729.6161_none_08e61857a83bc251\MSVCR90.dll
0x000000007a170000 - 0x000000007a19c000 	c:\matlab\R2012a\bin\win64\boost_filesystem-vc90-mt-1_44.dll
0x000000007a560000 - 0x000000007a569000 	c:\matlab\R2012a\bin\win64\boost_system-vc90-mt-1_44.dll
0x000007feff7f0000 - 0x000007feff8cb000 	C:\Windows\system32\ADVAPI32.dll
0x000007feff750000 - 0x000007feff7ef000 	C:\Windows\system32\msvcrt.dll
0x000007feff8e0000 - 0x000007feff8ff000 	C:\Windows\SYSTEM32\sechost.dll
0x000007fefef80000 - 0x000007feff0ad000 	C:\Windows\system32\RPCRT4.dll
0x000000007a010000 - 0x000000007a035000 	c:\matlab\R2012a\bin\win64\LIBEXPAT.dll
0x0000000073140000 - 0x0000000073331000 	c:\matlab\R2012a\bin\win64\icuin44.dll
0x0000000072100000 - 0x0000000072271000 	c:\matlab\R2012a\bin\win64\icuuc44.dll
0x0000000010000000 - 0x0000000010e41000 	c:\matlab\R2012a\bin\win64\icudt44.dll
0x0000000073f70000 - 0x00000000740ad000 	c:\matlab\R2012a\bin\win64\libmwfl.dll
0x00000000043a0000 - 0x0000000004696000 	c:\matlab\R2012a\bin\win64\libmwMATLAB_res.dll
0x000000007a3b0000 - 0x000000007a3c0000 	c:\matlab\R2012a\bin\win64\boost_date_time-vc90-mt-1_44.dll
0x000000007a250000 - 0x000000007a263000 	c:\matlab\R2012a\bin\win64\boost_signals-vc90-mt-1_44.dll
0x000000007a2d0000 - 0x000000007a2e2000 	c:\matlab\R2012a\bin\win64\boost_thread-vc90-mt-1_44.dll
0x0000000004190000 - 0x00000000041d6000 	c:\matlab\R2012a\bin\win64\tbb.dll
0x000007feff370000 - 0x000007feff389000 	C:\Windows\system32\imagehlp.dll
0x00000000779c0000 - 0x00000000779c7000 	C:\Windows\system32\PSAPI.DLL
0x00000000733b0000 - 0x00000000733c3000 	c:\matlab\R2012a\bin\win64\icuio44.dll
0x000007fef8fb0000 - 0x000007fef90d5000 	C:\Windows\system32\dbghelp.dll
0x00000000774f0000 - 0x00000000775ea000 	C:\Windows\system32\USER32.dll
0x000007feff3c0000 - 0x000007feff427000 	C:\Windows\system32\GDI32.dll
0x000007feff8d0000 - 0x000007feff8de000 	C:\Windows\system32\LPK.dll
0x000007feff2a0000 - 0x000007feff369000 	C:\Windows\system32\USP10.dll
0x000000007bed0000 - 0x000000007c183000 	c:\matlab\R2012a\bin\win64\libmwservices.dll
0x0000000075a20000 - 0x0000000075ae2000 	c:\matlab\R2012a\bin\win64\libmx.dll
0x000000007a210000 - 0x000000007a228000 	c:\matlab\R2012a\bin\win64\zlib1.dll
0x0000000004230000 - 0x0000000004251000 	c:\matlab\R2012a\bin\win64\libmwmfl_scalar.dll
0x0000000075f10000 - 0x0000000075f5d000 	c:\matlab\R2012a\bin\win64\mpath.dll
0x000000007b680000 - 0x000000007bbe1000 	c:\matlab\R2012a\bin\win64\mlutil.dll
0x00000000726a0000 - 0x000000007271f000 	c:\matlab\R2012a\bin\win64\xmlcore.dll
0x000000007bc30000 - 0x000000007be83000 	c:\matlab\R2012a\bin\win64\xerces-c_2_7.dll
0x000007fefe140000 - 0x000007fefe18d000 	C:\Windows\system32\WS2_32.dll
0x000007feff0b0000 - 0x000007feff0b8000 	C:\Windows\system32\NSI.dll
0x00000000046b0000 - 0x00000000046ca000 	c:\matlab\R2012a\bin\win64\libmwMATLAB_settings_res.dll
0x00000000046e0000 - 0x0000000004727000 	c:\matlab\R2012a\bin\win64\boost_serialization-vc90-mt-1_44.dll
0x000007fefe190000 - 0x000007fefef18000 	C:\Windows\system32\SHELL32.dll
0x000007feff220000 - 0x000007feff291000 	C:\Windows\system32\SHLWAPI.dll
0x000007fefb590000 - 0x000007fefb630000 	C:\Windows\WinSxS\amd64_microsoft.windows.common-controls_6595b64144ccf1df_5.82.7601.17514_none_a4d6a923711520a9\COMCTL32.dll
0x000007feff610000 - 0x000007feff6a7000 	C:\Windows\system32\COMDLG32.dll
0x000007fefba60000 - 0x000007fefba76000 	C:\Windows\system32\NETAPI32.dll
0x000007fefd160000 - 0x000007fefd16c000 	C:\Windows\system32\netutils.dll
0x000007fefd7d0000 - 0x000007fefd7f3000 	C:\Windows\system32\srvcli.dll
0x000007fefba40000 - 0x000007fefba55000 	C:\Windows\system32\wkscli.dll
0x000007feff900000 - 0x000007feffb03000 	C:\Windows\system32\ole32.dll
0x000007feff0c0000 - 0x000007feff197000 	C:\Windows\system32\OLEAUT32.dll
0x0000000074970000 - 0x0000000074b06000 	c:\matlab\R2012a\bin\win64\mcr.dll
0x0000000075000000 - 0x000000007536b000 	c:\matlab\R2012a\bin\win64\iqm.dll
0x00000000718d0000 - 0x00000000720f1000 	c:\matlab\R2012a\bin\win64\m_interpreter.dll
0x0000000073360000 - 0x0000000073385000 	c:\matlab\R2012a\bin\win64\libmex.dll
0x00000000725c0000 - 0x0000000072673000 	c:\matlab\R2012a\bin\win64\m_dispatcher.dll
0x0000000074880000 - 0x000000007496d000 	c:\matlab\R2012a\bin\win64\boost_regex-vc90-mt-1_44.dll
0x0000000072400000 - 0x0000000072484000 	c:\matlab\R2012a\bin\win64\profiler.dll
0x00000000047b0000 - 0x0000000004a05000 	c:\matlab\R2012a\bin\win64\libmwmathutil.dll
0x0000000079f40000 - 0x0000000079f6d000 	c:\matlab\R2012a\bin\win64\libmwmathrng.dll
0x0000000074c10000 - 0x0000000074ced000 	c:\matlab\R2012a\bin\win64\libmwmathcore.dll
0x0000000076160000 - 0x00000000761cb000 	c:\matlab\R2012a\bin\win64\libmwspmatrix.dll
0x0000000075ea0000 - 0x0000000075f02000 	c:\matlab\R2012a\bin\win64\libmwcholmod.dll
0x000000007a460000 - 0x000000007a46d000 	c:\matlab\R2012a\bin\win64\libmwamd.dll
0x000000007a4b0000 - 0x000000007a4bc000 	c:\matlab\R2012a\bin\win64\libmwcolamd.dll
0x0000000073120000 - 0x0000000073139000 	c:\matlab\R2012a\bin\win64\libmwblas.dll
0x0000000073100000 - 0x0000000073112000 	c:\matlab\R2012a\bin\win64\libmwbinder.dll
0x0000000074640000 - 0x000000007464b000 	c:\matlab\R2012a\bin\win64\libmwompwrapper.dll
0x0000000071840000 - 0x00000000718c6000 	c:\matlab\R2012a\bin\win64\libmwlapack.dll
0x0000000072590000 - 0x00000000725b1000 	c:\matlab\R2012a\bin\win64\m_pcodeio.dll
0x0000000079b10000 - 0x0000000079b77000 	c:\matlab\R2012a\bin\win64\m_ir.dll
0x00000000711f0000 - 0x0000000071840000 	c:\matlab\R2012a\bin\win64\m_parser.dll
0x0000000072760000 - 0x000000007277a000 	c:\matlab\R2012a\bin\win64\ir_xfmr.dll
0x000000006ae80000 - 0x000000006b0f9000 	c:\matlab\R2012a\bin\win64\mcos.dll
0x0000000073350000 - 0x000000007335c000 	c:\matlab\R2012a\bin\win64\mtok.dll
0x0000000072340000 - 0x0000000072371000 	c:\matlab\R2012a\bin\win64\m_pcodegen.dll
0x0000000079fb0000 - 0x0000000079fe7000 	c:\matlab\R2012a\bin\win64\libmwbridge.dll
0x0000000071120000 - 0x00000000711e8000 	c:\matlab\R2012a\bin\win64\udd.dll
0x000000006bc20000 - 0x000000006bd72000 	c:\matlab\R2012a\bin\win64\libmwgui.dll
0x0000000072570000 - 0x0000000072587000 	c:\matlab\R2012a\bin\win64\graphics_util.dll
0x0000000065f10000 - 0x00000000668b3000 	c:\matlab\R2012a\bin\win64\hg.dll
0x0000000004b80000 - 0x0000000004be7000 	c:\matlab\R2012a\bin\win64\libmat.dll
0x0000000072d30000 - 0x0000000072f44000 	c:\matlab\R2012a\bin\win64\hdf5dll.dll
0x0000000075710000 - 0x00000000757c1000 	c:\matlab\R2012a\bin\win64\jmi.dll
0x0000000004c20000 - 0x0000000004c2e000 	c:\matlab\R2012a\bin\win64\nativejava_services.dll
0x00000000710d0000 - 0x0000000071112000 	c:\matlab\R2012a\bin\win64\libmwhardcopy.dll
0x0000000070cd0000 - 0x0000000070d2a000 	c:\matlab\R2012a\bin\win64\libuij.dll
0x000000006b410000 - 0x000000006b61c000 	c:\matlab\R2012a\bin\win64\hgdatatypes.dll
0x000000006bb20000 - 0x000000006bc1d000 	c:\matlab\R2012a\bin\win64\hgutils.dll
0x000000006adc0000 - 0x000000006ae7d000 	c:\matlab\R2012a\bin\win64\udd_mi.dll
0x0000000004c90000 - 0x0000000004ccb000 	c:\matlab\R2012a\bin\win64\libmwgbtutils.dll
0x0000000004ce0000 - 0x0000000004cf9000 	c:\matlab\R2012a\bin\win64\libmwgbt.dll
0x0000000004d10000 - 0x0000000004fda000 	c:\matlab\R2012a\bin\win64\uiw.dll
0x00000000730f0000 - 0x00000000730ff000 	c:\matlab\R2012a\bin\win64\uinone.dll
0x000007fef9ff0000 - 0x000007fefa008000 	C:\Windows\system32\MPR.dll
0x000000006a8d0000 - 0x000000006adb4000 	C:\Windows\WinSxS\amd64_microsoft.vc90.mfc_1fc8b3b9a1e18e3b_9.0.30729.6161_none_044aad0bab1eb146\mfc90.dll
0x000007fefb6b0000 - 0x000007fefb6b7000 	C:\Windows\system32\MSIMG32.dll
0x000007fef9280000 - 0x000007fef92f1000 	C:\Windows\system32\WINSPOOL.DRV
0x00000000723e0000 - 0x0000000072400000 	c:\matlab\R2012a\bin\win64\mwoles05.DLL
0x000000006e810000 - 0x000000006e88c000 	c:\matlab\R2012a\bin\win64\comcli.dll
0x000000006e750000 - 0x000000006e77f000 	C:\Windows\WinSxS\amd64_microsoft.vc90.atl_1fc8b3b9a1e18e3b_9.0.30729.6161_none_0a1fd3a3a768b895\ATL90.DLL
0x0000000072870000 - 0x000000007287c000 	c:\matlab\R2012a\bin\win64\mlautoregister.dll
0x0000000005030000 - 0x0000000005040000 	c:\matlab\R2012a\bin\win64\boost_iostreams-vc90-mt-1_44.dll
0x000007feff390000 - 0x000007feff3be000 	C:\Windows\system32\IMM32.DLL
0x000007fefe030000 - 0x000007fefe139000 	C:\Windows\system32\MSCTF.dll
0x000007fefc3e0000 - 0x000007fefc436000 	C:\Windows\system32\UxTheme.dll
0x000007fefc000000 - 0x000007fefc018000 	C:\Windows\system32\dwmapi.dll
0x00000000727f0000 - 0x00000000727fd000 	C:\Windows\WinSxS\amd64_microsoft.vc90.mfcloc_1fc8b3b9a1e18e3b_9.0.30729.6161_none_01c9581e60cbee58\MFC90ENU.DLL
0x0000000005190000 - 0x00000000051b9000 	c:\matlab\R2012a\bin\win64\tbbmalloc.dll
0x0000000005220000 - 0x0000000005261000 	C:\Program Files (x86)\ATI Technologies\HydraVision\HydraDMH64.dll
0x0000000078870000 - 0x0000000078ecd000 	c:\matlab\R2012a\sys\java\jre\win64\jre\bin\server\jvm.dll
0x000007fefbe90000 - 0x000007fefbecb000 	C:\Windows\system32\WINMM.dll
0x000007fefdc60000 - 0x000007fefdc6f000 	C:\Windows\system32\profapi.dll
0x0000000072560000 - 0x0000000072563000 	C:\Windows\system32\icmp.Dll
0x000007fefb8a0000 - 0x000007fefb8c7000 	C:\Windows\system32\iphlpapi.DLL
0x000007fefb890000 - 0x000007fefb89b000 	C:\Windows\system32\WINNSI.DLL
0x000007fefdb00000 - 0x000007fefdb25000 	C:\Windows\system32\SspiCli.dll
0x000007fefbed0000 - 0x000007fefbee5000 	C:\Windows\system32\NLAapi.dll
0x000007fefa1d0000 - 0x000007fefa1e5000 	C:\Windows\system32\napinsp.dll
0x000007fefa1f0000 - 0x000007fefa209000 	C:\Windows\system32\pnrpnsp.dll
0x000007fefd4d0000 - 0x000007fefd525000 	C:\Windows\System32\mswsock.dll
0x000007fefd350000 - 0x000007fefd3ab000 	C:\Windows\system32\DNSAPI.dll
0x000007fefa1b0000 - 0x000007fefa1bb000 	C:\Windows\System32\winrnr.dll
0x00000000733e0000 - 0x0000000073406000 	C:\Program Files\Bonjour\mdnsNSP.dll

VM Arguments:
jvm_args: -Xss512k -XX:PermSize=32m -Xms64m -XX:NewRatio=3 -XX:MaxPermSize=128m -Xmx196m -XX:MaxDirectMemorySize=2147400000 -Dsun.java2d.noddraw=true -Dsun.awt.nopixfmt=true -Xshare:off -Xrs -Dsun.awt.disableMixing=true -Djava.library.path=c:\matlab\R2012a\bin\win64 vfprintf abort 
java_command: <unknown>
Launcher Type: generic

Environment Variables:
CLASSPATH=.;C:\Program Files (x86)\Java\jre7\lib\ext\QTJava.zip
PATH=C:\Program Files (x86)\AMD APP\bin\x86_64;C:\Program Files (x86)\AMD APP\bin\x86;C:\Windows\system32;C:\Windows;C:\Windows\System32\Wbem;C:\Windows\System32\WindowsPowerShell\v1.0\;c:\ic-utils;C:\Program Files (x86)\Enterprise Vault\EVClient\;c:\matlab\R2012a\runtime\win64;c:\matlab\R2012a\bin;c:\Program Files (x86)\ATI Technologies\ATI.ACE\Core-Static;C:\Program Files\MiKTeX 2.9\miktex\bin\x64\;C:\Program Files\Microsoft SQL Server\110\Tools\Binn\;c:\Users\AN2609\AppData\Local\Smartbar\Application\;C:\Users\AN2609\AppData\Local\Smartbar\Application\;C:\Program Files (x86)\QuickTime\QTSystem\
USERNAME=AN2609
OS=Windows_NT
PROCESSOR_IDENTIFIER=Intel64 Family 6 Model 58 Stepping 9, GenuineIntel



---------------  S Y S T E M  ---------------

OS: Windows 7 Build 7601 Service Pack 1

CPU:total 8 (8 cores per cpu, 2 threads per core) family 6 model 58 stepping 9, cmov, cx8, fxsr, mmx, sse, sse2, sse3, ssse3, sse4.1, sse4.2, ht

Memory: 4k page, physical 8330188k(4855508k free), swap 16658520k(13418484k free)

vm_info: Java HotSpot(TM) 64-Bit Server VM (14.3-b01) for windows-amd64 JRE (1.6.0_17-b04), built on Oct 11 2009 00:46:08 by "java_re" with MS VC++ 8.0

time: Mon Feb 18 13:10:57 2013
elapsed time: 1105 seconds

